0 info it worked if it ends with ok
1 verbose cli [ '/Users/diana.suvorova/.nvm/versions/node/v4.9.1/bin/node',
1 verbose cli   '/Users/diana.suvorova/.nvm/versions/node/v4.9.1/bin/npm',
1 verbose cli   'run',
1 verbose cli   'test' ]
2 info using npm@2.15.11
3 info using node@v4.9.1
4 verbose run-script [ 'pretest', 'test', 'posttest' ]
5 info pretest eslint-plugin-react-redux@0.0.0-development
6 info test eslint-plugin-react-redux@0.0.0-development
7 verbose unsafe-perm in lifecycle true
8 info eslint-plugin-react-redux@0.0.0-development Failed to exec test script
9 verbose stack Error: eslint-plugin-react-redux@0.0.0-development test: `npm run lint && mocha tests --recursive`
9 verbose stack Exit status 1
9 verbose stack     at EventEmitter.<anonymous> (/Users/diana.suvorova/.nvm/versions/node/v4.9.1/lib/node_modules/npm/lib/utils/lifecycle.js:217:16)
9 verbose stack     at emitTwo (events.js:87:13)
9 verbose stack     at EventEmitter.emit (events.js:172:7)
9 verbose stack     at ChildProcess.<anonymous> (/Users/diana.suvorova/.nvm/versions/node/v4.9.1/lib/node_modules/npm/lib/utils/spawn.js:24:14)
9 verbose stack     at emitTwo (events.js:87:13)
9 verbose stack     at ChildProcess.emit (events.js:172:7)
9 verbose stack     at maybeClose (internal/child_process.js:862:16)
9 verbose stack     at Process.ChildProcess._handle.onexit (internal/child_process.js:222:5)
10 verbose pkgid eslint-plugin-react-redux@0.0.0-development
11 verbose cwd /Users/diana.suvorova/Dev/eslint-plugin-react-redux
12 error Darwin 16.7.0
13 error argv "/Users/diana.suvorova/.nvm/versions/node/v4.9.1/bin/node" "/Users/diana.suvorova/.nvm/versions/node/v4.9.1/bin/npm" "run" "test"
14 error node v4.9.1
15 error npm  v2.15.11
16 error code ELIFECYCLE
17 error eslint-plugin-react-redux@0.0.0-development test: `npm run lint && mocha tests --recursive`
17 error Exit status 1
18 error Failed at the eslint-plugin-react-redux@0.0.0-development test script 'npm run lint && mocha tests --recursive'.
18 error This is most likely a problem with the eslint-plugin-react-redux package,
18 error not with npm itself.
18 error Tell the author that this fails on your system:
18 error     npm run lint && mocha tests --recursive
18 error You can get information on how to open an issue for this project with:
18 error     npm bugs eslint-plugin-react-redux
18 error Or if that isn't available, you can get their info via:
18 error
18 error     npm owner ls eslint-plugin-react-redux
18 error There is likely additional logging output above.
19 verbose exit [ 1, true ]
